<?xml version="1.0" encoding="UTF-8"?>
<!-- Generated by org.testng.reporters.JUnitXMLReporter -->
<testsuite hostname="4S0L3M2" ignored="0" name="TestWithChrome" tests="1" failures="1" timestamp="20 Sep 2019 06:37:48 GMT" time="47.899" errors="0">
  <testcase name="TC33_createProductSuccessWithSKU" time="23.539" classname="com.beecow.scripts.CreateProductBeeCowScripts">
    <failure type="java.lang.NullPointerException">
      <![CDATA[java.lang.NullPointerException
at com.beecow.scripts.CreateProductBeeCowScripts.TC33_createProductSuccessWithSKU(CreateProductBeeCowScripts.java:578)
... Removed 25 stack frames]]>
    </failure>
  </testcase> <!-- TC33_createProductSuccessWithSKU -->
</testsuite> <!-- TestWithChrome -->
