<?xml version="1.0" encoding="UTF-8"?>
<testng-results skipped="0" failed="0" ignored="0" total="1" passed="1">
  <reporter-output>
  </reporter-output>
  <suite name="NgocTest" duration-ms="69388" started-at="2019-09-19T16:17:57Z" finished-at="2019-09-19T16:19:07Z">
    <groups>
    </groups>
    <test name="TestWithChrome" duration-ms="69388" started-at="2019-09-19T16:17:57Z" finished-at="2019-09-19T16:19:07Z">
      <class name="com.beecow.scripts.CreateProductBeeCowScripts">
        <test-method status="PASS" signature="BeforeClass(java.lang.String, java.lang.String, java.lang.String)[pri:0, instance:com.beecow.scripts.CreateProductBeeCowScripts@60285225]" name="BeforeClass" is-config="true" duration-ms="41061" started-at="2019-09-19T16:17:57Z" finished-at="2019-09-19T16:18:38Z">
          <params>
            <param index="0">
              <value>
                <![CDATA[chrome]]>
              </value>
            </param>
            <param index="1">
              <value>
                <![CDATA[77.0.3865.75]]>
              </value>
            </param>
            <param index="2">
              <value>
                <![CDATA[https://www.beecow.com]]>
              </value>
            </param>
          </params>
          <reporter-output>
          </reporter-output>
        </test-method> <!-- BeforeClass -->
        <test-method status="PASS" signature="BeforeMethod(java.lang.String)[pri:0, instance:com.beecow.scripts.CreateProductBeeCowScripts@60285225]" name="BeforeMethod" is-config="true" duration-ms="4617" started-at="2019-09-19T16:18:38Z" finished-at="2019-09-19T16:18:43Z">
          <params>
            <param index="0">
              <value>
                <![CDATA[https://www.beecow.com]]>
              </value>
            </param>
          </params>
          <reporter-output>
          </reporter-output>
        </test-method> <!-- BeforeMethod -->
        <test-method status="PASS" signature="TC33_createProductSuccessWithSKU()[pri:0, instance:com.beecow.scripts.CreateProductBeeCowScripts@60285225]" name="TC33_createProductSuccessWithSKU" duration-ms="23695" started-at="2019-09-19T16:18:43Z" finished-at="2019-09-19T16:19:07Z">
          <reporter-output>
          </reporter-output>
        </test-method> <!-- TC33_createProductSuccessWithSKU -->
      </class> <!-- com.beecow.scripts.CreateProductBeeCowScripts -->
    </test> <!-- TestWithChrome -->
  </suite> <!-- NgocTest -->
</testng-results>
