<?xml version="1.0" encoding="UTF-8"?>
<testng-results skipped="0" failed="1" ignored="0" total="1" passed="0">
  <reporter-output>
  </reporter-output>
  <suite name="NgocTest" duration-ms="47899" started-at="2019-09-20T06:37:00Z" finished-at="2019-09-20T06:37:48Z">
    <groups>
    </groups>
    <test name="TestWithChrome" duration-ms="47899" started-at="2019-09-20T06:37:00Z" finished-at="2019-09-20T06:37:48Z">
      <class name="com.beecow.scripts.CreateProductBeeCowScripts">
        <test-method status="PASS" signature="BeforeClass(java.lang.String, java.lang.String, java.lang.String)[pri:0, instance:com.beecow.scripts.CreateProductBeeCowScripts@60285225]" name="BeforeClass" is-config="true" duration-ms="20077" started-at="2019-09-20T06:37:00Z" finished-at="2019-09-20T06:37:20Z">
          <params>
            <param index="0">
              <value>
                <![CDATA[chrome]]>
              </value>
            </param>
            <param index="1">
              <value>
                <![CDATA[77.0.3865.75]]>
              </value>
            </param>
            <param index="2">
              <value>
                <![CDATA[https://www.beecow.com]]>
              </value>
            </param>
          </params>
          <reporter-output>
          </reporter-output>
        </test-method> <!-- BeforeClass -->
        <test-method status="PASS" signature="BeforeMethod(java.lang.String)[pri:0, instance:com.beecow.scripts.CreateProductBeeCowScripts@60285225]" name="BeforeMethod" is-config="true" duration-ms="4268" started-at="2019-09-20T06:37:20Z" finished-at="2019-09-20T06:37:24Z">
          <params>
            <param index="0">
              <value>
                <![CDATA[https://www.beecow.com]]>
              </value>
            </param>
          </params>
          <reporter-output>
          </reporter-output>
        </test-method> <!-- BeforeMethod -->
        <test-method status="FAIL" signature="TC33_createProductSuccessWithSKU()[pri:0, instance:com.beecow.scripts.CreateProductBeeCowScripts@60285225]" name="TC33_createProductSuccessWithSKU" duration-ms="23539" started-at="2019-09-20T06:37:24Z" finished-at="2019-09-20T06:37:48Z">
          <exception class="java.lang.NullPointerException">
            <full-stacktrace>
              <![CDATA[java.lang.NullPointerException
at com.beecow.scripts.CreateProductBeeCowScripts.TC33_createProductSuccessWithSKU(CreateProductBeeCowScripts.java:578)
at sun.reflect.NativeMethodAccessorImpl.invoke0(Native Method)
at sun.reflect.NativeMethodAccessorImpl.invoke(Unknown Source)
at sun.reflect.DelegatingMethodAccessorImpl.invoke(Unknown Source)
at java.lang.reflect.Method.invoke(Unknown Source)
at org.testng.internal.MethodInvocationHelper.invokeMethod(MethodInvocationHelper.java:124)
at org.testng.internal.Invoker.invokeMethod(Invoker.java:583)
at org.testng.internal.Invoker.invokeTestMethod(Invoker.java:719)
at org.testng.internal.Invoker.invokeTestMethods(Invoker.java:989)
at org.testng.internal.TestMethodWorker.invokeTestMethods(TestMethodWorker.java:125)
at org.testng.internal.TestMethodWorker.run(TestMethodWorker.java:109)
at org.testng.TestRunner.privateRun(TestRunner.java:648)
at org.testng.TestRunner.run(TestRunner.java:505)
at org.testng.SuiteRunner.runTest(SuiteRunner.java:455)
at org.testng.SuiteRunner.runSequentially(SuiteRunner.java:450)
at org.testng.SuiteRunner.privateRun(SuiteRunner.java:415)
at org.testng.SuiteRunner.run(SuiteRunner.java:364)
at org.testng.SuiteRunnerWorker.runSuite(SuiteRunnerWorker.java:52)
at org.testng.SuiteRunnerWorker.run(SuiteRunnerWorker.java:84)
at org.testng.TestNG.runSuitesSequentially(TestNG.java:1208)
at org.testng.TestNG.runSuitesLocally(TestNG.java:1137)
at org.testng.TestNG.runSuites(TestNG.java:1049)
at org.testng.TestNG.run(TestNG.java:1017)
at org.testng.remote.AbstractRemoteTestNG.run(AbstractRemoteTestNG.java:115)
at org.testng.remote.RemoteTestNG.initAndRun(RemoteTestNG.java:251)
at org.testng.remote.RemoteTestNG.main(RemoteTestNG.java:77)
]]>
            </full-stacktrace>
          </exception> <!-- java.lang.NullPointerException -->
          <reporter-output>
          </reporter-output>
        </test-method> <!-- TC33_createProductSuccessWithSKU -->
      </class> <!-- com.beecow.scripts.CreateProductBeeCowScripts -->
    </test> <!-- TestWithChrome -->
  </suite> <!-- NgocTest -->
</testng-results>
